

Starting up. 20:37.32
---------------------

[20:37:36] ADMIN: Loading jobban_rank
[20:37:36] ADMIN: Jobban_keylist was empty
[20:37:36] ADMIN: Updating jobbanfile!
[20:37:36] ADMIN: Loading oocban_rank
[20:37:36] ADMIN: oocban_keylist was empty
[20:37:36] ADMIN: Updating jobbanfile!
Saved mode is 'extended'
ADMIN: slurm = Host
ADMIN: gibbed = Host
ADMIN: stuntwaffle = Host
ADMIN: pantaloons = Host
ADMIN: darsant = Host
ADMIN: nannek = Host
ADMIN: exadv1 = Coder
ADMIN: 0staf = Coder
ADMIN: justicefries = Coder
ADMIN: eroticdad = Coder
ADMIN: angriestibm = Coder
ADMIN: hobnob = Coder
ADMIN: enallyniv = Coder
ADMIN: lallander = Coder
ADMIN: keelin = Coder
ADMIN: brianoblivion = Coder
ADMIN: arthurmuggins = Coder
ADMIN: isaidno = Coder
ADMIN: mport2004 = Coder
ADMIN: burntcornmuffin = Coder
ADMIN: ishallriseagain = Coder
ADMIN: lljkmosheninkov = Coder
ADMIN: dropsy = Coder
ADMIN: procitizensa = Coder
ADMIN: drmelon = Coder
ADMIN: halerina = Coder
ADMIN: pacra = Coder
ADMIN: jackmassacre = Coder
ADMIN: jackbox = Coder
ADMIN: infinitemonkeys = Coder
ADMIN: aphtonites = Coder
ADMIN: volundr = Coder
ADMIN: wirewraith = Coder
ADMIN: tobba = Coder
ADMIN: marquesas = Coder
ADMIN: hainesa = Coder
ADMIN: tom = Coder
ADMIN: herrspyguy = Coder
ADMIN: daeren = Coder
ADMIN: conor12 = Coder
ADMIN: convair880 = Coder
[20:51:02] ACCESS: Login: John_Warcrimes from 127.0.0.1
[20:54:04] ACCESS: Login: Donald Coldsmith (John_Warcrimes) from 127.0.0.1
[20:54:43] SAY: Shitty Bill (NPC) : How's it hangin' Donald "Don" Glabs.
[20:54:53] SAY: Father Jack (NPC) : ARSE!
[20:55:08] SAY: Shitty Bill (NPC) : Hey dweeb, gimme yer drugs.
[20:55:17] SAY: Father Jack (NPC) : ARSE!
[20:55:36] SAY: Shitty Bill (NPC) : You rap?
[20:56:01] SAY: Shitty Bill (NPC) : You a miner?
[20:57:14] SAY: Shitty Bill (NPC) : I think my bros got eaten.
[20:58:20] SAY: Father Jack (NPC) : FECK!
[20:58:24] SAY: Shitty Bill (NPC) : You a narc?
[20:58:44] SAY: Shitty Bill (NPC) : I ever tell you 'bout the time I poisoned a dude with my own pee?
[20:58:49] SAY: Shitty Bill (NPC) : Got a light, kid?
[21:00:04] SAY: Shitty Bill (NPC) : I think my crew sent you.
[21:00:08] SAY: Shitty Bill (NPC) : I think my homebros stole my cat.
[21:00:31] SAY: Shitty Bill (NPC) : You a narc?
[21:00:59] SAY: Shitty Bill (NPC) : Oh hell, it's Donald "Don" Glabs.
[21:01:20] SAY: Shitty Bill (NPC) : How's it goin' Donald "Don" Glabs.
[21:02:05] SAY: Shitty Bill (NPC) : You jam?
[21:02:21] SAY: Father Jack (NPC) : That would be an ecumenical matter.
