

Starting up. 18:58.34
---------------------

[18:58:40] ADMIN: Loading jobban_rank
[18:58:40] ADMIN: Jobban_keylist was empty
[18:58:40] ADMIN: Updating jobbanfile!
[18:58:40] ADMIN: Loading oocban_rank
[18:58:40] ADMIN: oocban_keylist was empty
[18:58:40] ADMIN: Updating jobbanfile!
Saved mode is 'extended'
ADMIN: slurm = Host
ADMIN: gibbed = Host
ADMIN: stuntwaffle = Host
ADMIN: pantaloons = Host
ADMIN: darsant = Host
ADMIN: nannek = Host
ADMIN: exadv1 = Coder
ADMIN: 0staf = Coder
ADMIN: justicefries = Coder
ADMIN: eroticdad = Coder
ADMIN: angriestibm = Coder
ADMIN: hobnob = Coder
ADMIN: enallyniv = Coder
ADMIN: lallander = Coder
ADMIN: keelin = Coder
ADMIN: brianoblivion = Coder
ADMIN: arthurmuggins = Coder
ADMIN: isaidno = Coder
ADMIN: mport2004 = Coder
ADMIN: burntcornmuffin = Coder
ADMIN: ishallriseagain = Coder
ADMIN: lljkmosheninkov = Coder
ADMIN: dropsy = Coder
ADMIN: procitizensa = Coder
ADMIN: drmelon = Coder
ADMIN: halerina = Coder
ADMIN: pacra = Coder
ADMIN: jackmassacre = Coder
ADMIN: jackbox = Coder
ADMIN: infinitemonkeys = Coder
ADMIN: aphtonites = Coder
ADMIN: volundr = Coder
ADMIN: wirewraith = Coder
ADMIN: tobba = Coder
ADMIN: marquesas = Coder
ADMIN: hainesa = Coder
ADMIN: tom = Coder
ADMIN: herrspyguy = Coder
ADMIN: daeren = Coder
ADMIN: conor12 = Coder
ADMIN: convair880 = Coder
[19:00:14] ACCESS: Login: John_Warcrimes from 127.0.0.1
[19:03:20] SAY: Shitty Bill (NPC) : Man, I sure miss the Cloud.
[19:03:39] SAY: Shitty Bill (NPC) : I think my pals stole my cat.
[19:03:43] SAY: Father Jack (NPC) : ARSE!
[19:07:53] SAY: Father Jack (NPC) : ARSE!
[19:08:15] SAY: Shitty Bill (NPC) : You fly?
[19:08:37] SAY: Shitty Bill (NPC) : How's it goin' Father Jack.
[19:10:50] SAY: Shitty Bill (NPC) : Nice burner, wirehead.
[19:11:07] SAY: Shitty Bill (NPC) : Man, I sure don't miss your dad.
[19:11:48] SAY: Shitty Bill (NPC) : Got a light, bro?
[19:11:57] SAY: Shitty Bill (NPC) : Hey buddy, gimme yer hugs.
[19:12:41] SAY: Shitty Bill (NPC) : You ride?
[19:12:53] SAY: Father Jack (NPC) : DRINK!
[19:13:00] SAY: Shitty Bill (NPC) : You drink?
[19:13:26] SAY: Shitty Bill (NPC) : I ever tell you 'bout the time I found a crate fulla smokes?
[19:15:27] SAY: Shitty Bill (NPC) : Man, I sure don't miss bein' an atmos tech.
[19:15:39] SAY: Father Jack (NPC) : ARSE!
[19:16:00] SAY: Father Jack (NPC) : DRINK!
[19:16:24] SAY: Shitty Bill (NPC) : Hey, it's Donald "Don" Glabs.
[19:17:02] SAY: Shitty Bill (NPC) : Man, I sure don't miss nerds bragging about their stations.
[19:17:09] SAY: Shitty Bill (NPC) : The hell you lookin' at, dork?
[19:17:18] SAY: Shitty Bill (NPC) : Hey pal, gimme yer card.
[19:18:13] SAY: Shitty Bill (NPC) : You sting?
[19:20:24] SAY: Shitty Bill (NPC) : I ever tell you 'bout why you're really here?
[19:20:29] ACCESS: Login: Alec Knapp (John_Warcrimes) from 127.0.0.1
[19:21:20] SAY: Shitty Bill (NPC) : You a changer?
[19:22:32] SAY: Shitty Bill (NPC) : Dang, it's Donald "Don" Glabs.
[19:22:35] SAY: Father Jack (NPC) : DRINK!
[19:22:50] SAY: Shitty Bill (NPC) : The hell're you lookin' at, owl man?
[19:23:09] SAY: Shitty Bill (NPC) : You a wizman?
[19:23:42] SAY: Father Jack (NPC) : DRINK!
[19:24:00] SAY: Shitty Bill (NPC) : Man, I sure don't miss the wizzers.
[19:24:17] SAY: Shitty Bill (NPC) : You a nerd?
[19:24:55] SAY: Shitty Bill (NPC) : Yo Donald "Don" Glabs.
[19:24:58] SAY: Shitty Bill (NPC) : You rap?
[19:25:15] SAY: Shitty Bill (NPC) : Nice hogg, pal.
[19:25:34] SAY: Shitty Bill (NPC) : Dang, it's Donald "Don" Glabs.
[19:25:52] SAY: Shitty Bill (NPC) : Nice face, spaceman.
[19:26:52] SAY: Shitty Bill (NPC) : Man, I sure miss your dad.
[19:27:28] SAY: Shitty Bill (NPC) : What're you lookin' at, Colonel?
[19:28:10] SAY: Shitty Bill (NPC) : What're you lookin' at, clown?
[19:28:25] SAY: Father Jack (NPC) : ARSE!
[19:28:46] SAY: Shitty Bill (NPC) : You dance?
[19:29:04] SAY: Shitty Bill (NPC) : I think my bros left me here.
[19:29:56] SAY: Father Jack (NPC) : FECK!
[19:30:42] SAY: Shitty Bill (NPC) : You ride?
[19:30:56] SAY: Shitty Bill (NPC) : Yo, gimme yer smokes.
[19:32:33] SAY: Father Jack (NPC) : GIRLS!
[19:32:43] SAY: Shitty Bill (NPC) : Man, I sure don't miss Sirius.
[19:33:02] SAY: Shitty Bill (NPC) : I think my bruds left me here.
[19:33:13] SAY: Shitty Bill (NPC) : I ever tell you 'bout that smilin' dude?
[19:33:22] SAY: Shitty Bill (NPC) : Man, I sure miss that round station.
[19:45:39] SAY: Father Jack (NPC) : DRINK!
[19:46:28] SAY: Father Jack (NPC) : DRINK!
[19:49:29] SAY: Father Jack (NPC) : DRINK!
[20:04:42] SAY: Father Jack (NPC) : That would be an ecumenical matter.
[20:05:04] SAY: Father Jack (NPC) : FECK!
[20:08:54] SAY: Father Jack (NPC) : DRINK!
[20:09:54] SAY: Father Jack (NPC) : FECK!
[20:10:59] SAY: Father Jack (NPC) : ARSE!
[20:12:47] SAY: Shitty Bill (NPC) : I think my buds got lost on the way here.
[20:15:05] SAY: Father Jack (NPC) : ARSE!
[20:20:51] SAY: Father Jack (NPC) : DRINK!
[20:23:07] SAY: Father Jack (NPC) : FECK!
[20:24:02] SAY: Father Jack (NPC) : ARSE!
[20:30:34] SAY: Father Jack (NPC) : That would be an ecumenical matter.
[20:31:37] SAY: Father Jack (NPC) : ARSE!
[20:39:54] SAY: Father Jack (NPC) : That would be an ecumenical matter.
[20:43:08] SAY: Father Jack (NPC) : DRINK!
[20:46:25] SAY: Father Jack (NPC) : DRINK!
[20:47:27] SAY: Father Jack (NPC) : DRINK!
[20:49:49] SAY: Father Jack (NPC) : GIRLS!
[20:50:48] SAY: Father Jack (NPC) : DRINK!
[20:53:01] SAY: Father Jack (NPC) : DRINK!
[20:57:47] SAY: Father Jack (NPC) : DRINK!
[21:01:57] SAY: Father Jack (NPC) : FECK!
