

Starting up. 01:43.25
---------------------

[01:43:29] ADMIN: Loading jobban_rank
[01:43:29] ADMIN: Jobban_keylist was empty
[01:43:29] ADMIN: Updating jobbanfile!
[01:43:29] ADMIN: Loading oocban_rank
[01:43:29] ADMIN: oocban_keylist was empty
[01:43:29] ADMIN: Updating jobbanfile!
Saved mode is 'extended'
ADMIN: slurm = Host
ADMIN: gibbed = Host
ADMIN: stuntwaffle = Host
ADMIN: pantaloons = Host
ADMIN: darsant = Host
ADMIN: nannek = Host
ADMIN: exadv1 = Coder
ADMIN: 0staf = Coder
ADMIN: justicefries = Coder
ADMIN: eroticdad = Coder
ADMIN: angriestibm = Coder
ADMIN: hobnob = Coder
ADMIN: enallyniv = Coder
ADMIN: lallander = Coder
ADMIN: keelin = Coder
ADMIN: brianoblivion = Coder
ADMIN: arthurmuggins = Coder
ADMIN: isaidno = Coder
ADMIN: mport2004 = Coder
ADMIN: burntcornmuffin = Coder
ADMIN: ishallriseagain = Coder
ADMIN: lljkmosheninkov = Coder
ADMIN: dropsy = Coder
ADMIN: procitizensa = Coder
ADMIN: drmelon = Coder
ADMIN: halerina = Coder
ADMIN: pacra = Coder
ADMIN: jackmassacre = Coder
ADMIN: jackbox = Coder
ADMIN: infinitemonkeys = Coder
ADMIN: aphtonites = Coder
ADMIN: volundr = Coder
ADMIN: wirewraith = Coder
ADMIN: tobba = Coder
ADMIN: marquesas = Coder
ADMIN: hainesa = Coder
ADMIN: tom = Coder
ADMIN: herrspyguy = Coder
ADMIN: daeren = Coder
ADMIN: conor12 = Coder
ADMIN: convair880 = Coder
[01:46:07] ACCESS: Login: John_Warcrimes from 127.0.0.1
[01:49:11] SAY: Shitty Bill (NPC) : Whatcha you lookin' at, kid?
[01:49:13] ACCESS: Login: Patrick Blessig (John_Warcrimes) from 127.0.0.1


Starting up. 01:53.30
---------------------

[01:53:34] ADMIN: Loading jobban_rank
[01:53:34] ADMIN: Jobban_keylist was empty
[01:53:34] ADMIN: Updating jobbanfile!
[01:53:34] ADMIN: Loading oocban_rank
[01:53:34] ADMIN: oocban_keylist was empty
[01:53:34] ADMIN: Updating jobbanfile!
Saved mode is 'extended'
ADMIN: slurm = Host
ADMIN: gibbed = Host
ADMIN: stuntwaffle = Host
ADMIN: pantaloons = Host
ADMIN: darsant = Host
ADMIN: nannek = Host
ADMIN: johnwarcrimes = Host
ADMIN: exadv1 = Coder
ADMIN: 0staf = Coder
ADMIN: justicefries = Coder
ADMIN: eroticdad = Coder
ADMIN: angriestibm = Coder
ADMIN: hobnob = Coder
ADMIN: enallyniv = Coder
ADMIN: lallander = Coder
ADMIN: keelin = Coder
ADMIN: brianoblivion = Coder
ADMIN: arthurmuggins = Coder
ADMIN: isaidno = Coder
ADMIN: mport2004 = Coder
ADMIN: burntcornmuffin = Coder
ADMIN: ishallriseagain = Coder
ADMIN: lljkmosheninkov = Coder
ADMIN: dropsy = Coder
ADMIN: procitizensa = Coder
ADMIN: drmelon = Coder
ADMIN: halerina = Coder
ADMIN: pacra = Coder
ADMIN: jackmassacre = Coder
ADMIN: jackbox = Coder
ADMIN: infinitemonkeys = Coder
ADMIN: aphtonites = Coder
ADMIN: volundr = Coder
ADMIN: wirewraith = Coder
ADMIN: tobba = Coder
ADMIN: marquesas = Coder
ADMIN: hainesa = Coder
ADMIN: tom = Coder
ADMIN: herrspyguy = Coder
ADMIN: daeren = Coder
ADMIN: conor12 = Coder
ADMIN: convair880 = Coder
[01:54:26] ACCESS: Login: John_Warcrimes from 127.0.0.1
[01:54:34] ADMIN: John_Warcrimes [DEAD] has started the game.
[01:54:40] ACCESS: Login: Alvin Dugger (John_Warcrimes) from 127.0.0.1
[01:55:09] ADMIN: Alvin Dugger (John_Warcrimes) deleted the reinforced table at (<a href='?src=%admin_ref%;action=jumptocoords;target=126,166,1' title='Jump to Coords'>126,166,1</a>)
[01:55:14] ADMIN: Alvin Dugger (John_Warcrimes) deleted the emergency supplies closet at (<a href='?src=%admin_ref%;action=jumptocoords;target=127,166,1' title='Jump to Coords'>127,166,1</a>)
[01:56:01] SAY: Shitty Bill (NPC) : Got a light, spaceman?
[01:58:34] SAY: Shitty Bill (NPC) : What the hell are you lookin' at, kid?
[01:58:58] SAY: Father Jack (NPC) : ARSE!
[01:59:14] SAY: Father Jack (NPC) : DRINK!
